[2025-04-05 16:09:03] Inicio de sesi贸n de cuenta: 1001
[2025-04-05 16:28:52] Inicio de sesi贸n de cuenta: 1001
[2025-04-05 16:29:01] Cierre de sesi贸n de cuenta: 1001
[2025-04-05 16:30:45] Inicio de sesi贸n de cuenta: 1002
[2025-04-05 16:30:49] Cierre de sesi贸n de cuenta: 1002
[2025-04-05 16:57:40] Usuario con n煤mero de cuenta 1005 creado.
[2025-04-05 17:14:50] Usuario con n煤mero de cuenta 1006 creado.
[2025-04-05 17:14:55] Cierre de sesi贸n de cuenta: 1006

[2025-04-06 08:33:10] Inicio de sesi贸n de cuenta: 1001
[2025-04-06 08:34:37] Inicio de sesi贸n de cuenta: 1001
[2025-04-06 08:51:17] Inicio de sesi贸n de cuenta: 1001
[2025-04-06 08:56:50] Inicio de sesi贸n de cuenta: 1001
[2025-04-06 08:59:03] Inicio de sesi贸n de cuenta: 1001
[2025-04-06 09:00:13] Inicio de sesi贸n de cuenta: 1001
[2025-04-06 09:03:00] Inicio de sesi贸n de cuenta: 1001
[2025-04-06 09:04:35] Inicio de sesi贸n de cuenta: 1001
[2025-04-06 09:14:46] Inicio de sesi贸n de cuenta: 1001
[2025-04-06 09:18:11] Inicio de sesi贸n de cuenta: 1001
[2025-04-06 18:56:05] Inicio de sesi贸n de cuenta: 1001
[2025-04-06 18:59:42] Inicio de sesi贸n de cuenta: 1001
[2025-04-06 19:30:07] Inicio de sesi贸n de cuenta: 1001
[2025-04-06 19:34:18] Inicio de sesi贸n de cuenta: 1001
[2025-04-06 19:37:30] Inicio de sesi贸n de cuenta: 1001
[2025-04-06 19:46:48] Inicio de sesi贸n de cuenta: 1001
[2025-04-06 19:51:49] Inicio de sesi贸n de cuenta: 1001
[2025-04-06 19:52:39] Inicio de sesi贸n de cuenta: 1001
[2025-04-06 20:11:54] Inicio de sesi贸n de cuenta: 1001
[2025-04-06 20:11:56] Cierre de sesi贸n de cuenta: 1001
[2025-04-06 20:15:56] Inicio de sesi贸n de cuenta: 1001
[2025-04-06 20:15:59] Cierre de sesi贸n de cuenta: 1001
[2025-04-06 20:23:03] Inicio de sesi贸n de cuenta: 1001
[2025-04-06 20:28:04] Inicio de sesi贸n de cuenta: 1001
[2025-04-06 20:28:09] Inicio de sesi贸n de cuenta: 1002
[2025-04-06 20:32:43] Inicio de sesi贸n de cuenta: 1001
[2025-04-06 20:32:47] Usuario con n煤mero de cuenta 1 creado.
[2025-04-06 20:33:38] Usuario con n煤mero de cuenta 1 creado.
[2025-04-06 20:39:01] Usuario con n煤mero de cuenta 1 creado.
[2025-04-06 20:40:24] Usuario con n煤mero de cuenta 1 creado.
[2025-04-11 08:44:38] Inicio de sesi贸n de cuenta: 1001
[2025-04-13 10:25:08] Inicio de sesi贸n de cuenta: 1001
[2025-04-13 14:23:20] Inicio de sesi贸n de cuenta: 1001
[2025-04-13 15:18:44] Inicio de sesi贸n de cuenta: 1001
[2025-04-13 15:20:25] Inicio de sesi贸n de cuenta: 1001
[2025-04-13 15:23:07] Inicio de sesi贸n de cuenta: 1001
[2025-04-13 15:28:32] Inicio de sesi贸n de cuenta: 1001
[2025-04-13 15:45:05] Inicio de sesi贸n de cuenta: banco.log
[2025-04-13 15:46:39] Inicio de sesi贸n de cuenta: banco.log
[2025-04-13 16:05:42] Inicio de sesi贸n de cuenta: banco.log
[2025-04-13 16:06:47] Inicio de sesi贸n de cuenta: banco.log
[2025-04-13 16:07:52] Inicio de sesi贸n de cuenta: banco.log
[2025-04-13 16:08:34] Inicio de sesi贸n de cuenta: banco.log
[2025-04-13 16:09:12] Inicio de sesi贸n de cuenta: banco.log
[2025-04-13 16:09:38] Inicio de sesi贸n de cuenta: banco.log
[2025-04-13 16:13:12] Inicio de sesi贸n de cuenta: banco.log
[2025-04-13 16:13:34] Inicio de sesi贸n de cuenta: banco.log
[2025-04-13 16:13:48] Inicio de sesi贸n de cuenta: banco.log
[2025-04-14 08:52:35] Usuario con n煤mero de cuenta 1009 creado.
[2025-04-14 08:52:47] Cierre de sesi贸n de creaci贸n de cuenta: 1009

[2025-04-14 09:04:58] Usuario con n煤mero de cuenta 1001 creado.
[2025-04-14 09:06:07] Usuario con n煤mero de cuenta 1010 creado.
[2025-04-14 09:06:11] Inicio de sesi贸n de cuenta: banco.log
[2025-04-14 09:08:23] Inicio de sesi贸n de cuenta: banco.log
<<<<<<< HEAD
[2025-05-16 11:04:01] Inicio de sesi贸n de cuenta: banco.log
[2025-05-16 11:04:04] Inicio de sesi贸n de cuenta: banco.log
[2025-05-16 11:05:05] Usuario con n煤mero de cuenta 5 creado.
[2025-05-16 11:05:13] Usuario con n煤mero de cuenta 4 creado.
[2025-05-16 11:05:17] Inicio de sesi贸n de cuenta: banco.log
[2025-05-16 11:05:21] Inicio de sesi贸n de cuenta: banco.log
[2025-05-16 11:05:24] Cierre de sesi贸n de cuenta: 1002
[2025-05-16 11:08:19] Inicio de sesi贸n de cuenta: banco.log
[2025-05-16 11:10:04] Inicio de sesi贸n de cuenta: banco.log
[2025-05-16 11:13:12] Inicio de sesi贸n de cuenta: banco.log
[2025-05-16 11:13:23] Cierre de sesi贸n de cuenta: 1001
[2025-05-16 11:18:22] Usuario con n煤mero de cuenta 2 creado.
[2025-05-16 11:18:31] Cierre de sesi贸n de creaci贸n de cuenta: 2

=======
[] - El usuario ha salido del banco
>>>>>>> a46020b7d507bb55f63e604f795def8b57477ab1
[2025-05-16 14:48:05] Inicio de sesi贸n de cuenta: banco.log
[2025-05-16 14:48:09] Cierre de sesi贸n de cuenta: 1001
[2025-05-16 14:48:13] Usuario con n煤mero de cuenta 3 creado.
[2025-05-18 14:49:56] Inicio de sesi贸n de cuenta: banco.log
[2025-05-18 14:50:37] Cierre de sesi贸n de cuenta: 1001
[2025-05-18 14:57:36] Inicio de sesi贸n de cuenta: banco.log
[2025-05-18 14:57:45] Inicio de sesi贸n de cuenta: banco.log
[2025-05-18 14:58:12] Inicio de sesi贸n de cuenta: banco.log
[2025-05-18 14:58:34] Cierre de sesi贸n de cuenta: 1003
[2025-05-18 15:09:08] Inicio de sesi贸n de cuenta: banco.log
[2025-05-18 15:09:19] Cierre de sesi贸n de cuenta: 1001
[2025-05-18 15:10:29] Inicio de sesi贸n de cuenta: banco.log
[2025-05-18 15:10:36] Inicio de sesi贸n de cuenta: banco.log
[2025-05-19 11:19:48] Inicio de sesi贸n de cuenta: banco.log
[2025-05-19 11:19:55] Cierre de sesi贸n de cuenta: 1001
[2025-05-19 11:30:35] Inicio de sesi贸n de cuenta: banco.log
[2025-05-19 11:30:51] Inicio de sesi贸n de cuenta: banco.log
[2025-05-19 11:31:14] Inicio de sesi贸n de cuenta: banco.log
[2025-05-19 11:35:12] Inicio de sesi贸n de cuenta: banco.log
[2025-05-19 11:35:18] Inicio de sesi贸n de cuenta: banco.log
[2025-05-19 12:35:08] Inicio de sesi贸n de cuenta: banco.log
[2025-05-19 12:35:44] Inicio de sesi贸n de cuenta: banco.log
[2025-05-19 12:43:13] Inicio de sesi贸n de cuenta: banco.log
[2025-05-19 12:43:45] Inicio de sesi贸n de cuenta: banco.log
[2025-05-19 12:44:10] Inicio de sesi贸n de cuenta: banco.log
[2025-05-19 12:49:33] Inicio de sesi贸n de cuenta: banco.log
[2025-05-19 13:00:18] Inicio de sesi贸n de cuenta: banco.log
[2025-05-19 13:00:34] Usuario con n煤mero de cuenta 6 creado.
[2025-05-19 13:01:21] Cierre de sesi贸n de cuenta: 1001
[2025-05-19 13:24:59] Inicio de sesi贸n de cuenta: banco.log
[2025-05-19 13:26:44] Inicio de sesi贸n de cuenta: banco.log
[2025-05-19 13:26:56] Cierre de sesi贸n de cuenta: 1001
[2025-05-19 13:32:42] Inicio de sesi贸n de cuenta: banco.log
[2025-05-19 13:50:42] Inicio de sesi贸n de cuenta: banco.log
[2025-05-19 13:51:34] Cierre de sesi贸n de cuenta: 1001
[2025-05-19 13:52:15] Inicio de sesi贸n de cuenta: banco.log
[2025-05-19 13:52:25] Cierre de sesi贸n de cuenta: 1001
[2025-05-19 13:52:53] Inicio de sesi贸n de cuenta: banco.log
[2025-05-19 13:53:05] Cierre de sesi贸n de cuenta: 1001
[2025-05-19 14:17:56] Inicio de sesi贸n de cuenta: banco.log
[2025-05-19 14:36:39] Inicio de sesi贸n de cuenta: banco.log
[2025-05-19 14:36:41] Cierre de sesi贸n de cuenta: 1001
[2025-05-19 15:50:46] Inicio de sesi贸n de cuenta: banco.log
[2025-05-19 15:51:01] Cierre de sesi贸n de cuenta: 1001
[2025-05-19 15:51:35] Inicio de sesi贸n de cuenta: banco.log
[2025-05-19 15:52:06] Cierre de sesi贸n de cuenta: 1001
[2025-05-19 15:52:10] Usuario con n煤mero de cuenta 5 creado.
[2025-05-19 15:54:35] Inicio de sesi贸n de cuenta: banco.log
[2025-05-19 15:54:56] Cierre de sesi贸n de cuenta: 1001
[2025-05-19 16:15:38] Usuario con n煤mero de cuenta 2 creado.
[2025-05-19 16:56:28] Inicio de sesi贸n de cuenta: banco.log
[2025-05-19 16:56:34] Cierre de sesi贸n de cuenta: 1007
[2025-05-19 16:57:37] Inicio de sesi贸n de cuenta: banco.log
[2025-05-19 16:57:40] Cierre de sesi贸n de cuenta: 1007
[2025-05-19 17:09:48] Inicio de sesi贸n de cuenta: banco.log
[2025-05-19 18:14:35] Usuario con n煤mero de cuenta 2 creado.
[2025-05-19 18:16:03] Cierre de sesi贸n de creaci贸n de cuenta: 2

[2025-05-19 19:00:01] Inicio de sesi贸n de cuenta: banco.log
[2025-05-19 19:00:08] Inicio de sesi贸n de cuenta: banco.log
[2025-05-19 19:00:31] Inicio de sesi贸n de cuenta: banco.log
[2025-05-19 19:03:48] Inicio de sesi贸n de cuenta: banco.log
[2025-05-19 19:05:19] Inicio de sesi贸n de cuenta: banco.log
[2025-05-19 19:11:19] Inicio de sesi贸n de cuenta: banco.log
[2025-05-19 19:11:29] Inicio de sesi贸n de cuenta: banco.log
[2025-05-19 19:14:15] Inicio de sesi贸n de cuenta: banco.log
[2025-05-19 19:15:53] Inicio de sesi贸n de cuenta: banco.log
[2025-05-19 19:16:02] Inicio de sesi贸n de cuenta: banco.log
[2025-05-19 19:17:17] Inicio de sesi贸n de cuenta: banco.log
[2025-05-19 19:22:24] Inicio de sesi贸n de cuenta: banco.log
[2025-05-19 19:22:33] Inicio de sesi贸n de cuenta: banco.log
[2025-05-19 19:22:46] Inicio de sesi贸n de cuenta: banco.log
[2025-05-19 19:23:32] Inicio de sesi贸n de cuenta: banco.log
[2025-05-19 19:24:52] Inicio de sesi贸n de cuenta: banco.log
[2025-05-19 19:25:08] Inicio de sesi贸n de cuenta: banco.log
[2025-05-19 19:26:03] Inicio de sesi贸n de cuenta: banco.log
[2025-05-19 19:27:40] Inicio de sesi贸n de cuenta: banco.log
[2025-05-19 19:28:07] Cierre de sesi贸n de cuenta: 1000
[2025-05-19 19:28:13] Inicio de sesi贸n de cuenta: banco.log
[2025-05-19 19:29:17] Inicio de sesi贸n de cuenta: banco.log
[2025-05-19 19:29:31] Inicio de sesi贸n de cuenta: banco.log
[2025-05-19 19:34:53] Inicio de sesi贸n de cuenta: banco.log
[2025-05-19 19:36:40] Inicio de sesi贸n de cuenta: banco.log
[2025-05-19 19:37:05] Cierre de sesi贸n de cuenta: 1000
[2025-05-19 19:37:13] Inicio de sesi贸n de cuenta: banco.log
[2025-05-19 19:37:35] Inicio de sesi贸n de cuenta: banco.log
[2025-05-19 19:38:52] Inicio de sesi贸n de cuenta: banco.log
[2025-05-19 19:40:35] Inicio de sesi贸n de cuenta: banco.log
[2025-05-19 19:40:45] Inicio de sesi贸n de cuenta: banco.log
[2025-05-19 19:40:57] Inicio de sesi贸n de cuenta: banco.log
[2025-05-19 19:44:33] Cierre de sesi贸n de cuenta: 1002
[2025-05-19 19:44:35] Cierre de sesi贸n de cuenta: 1001
[2025-05-19 19:44:38] Cierre de sesi贸n de cuenta: 1000
[2025-05-19 19:58:52] Inicio de sesi贸n de cuenta: banco.log
[2025-05-19 20:00:02] Inicio de sesi贸n de cuenta: banco.log
[2025-05-19 20:01:16] Cierre de sesi贸n de cuenta: 1000
[2025-05-19 20:09:09] Inicio de sesi贸n de cuenta: banco.log
[2025-05-19 20:14:04] Inicio de sesi贸n de cuenta: banco.log
[2025-05-19 20:19:54] Cierre de sesi贸n de cuenta: 1000
